C:\Program Files (x86)\MSBuild\Microsoft.Cpp\v4.0\V140\Microsoft.CppBuild.targets(392,5): warning MSB8028: The intermediate directory (Debug\) contains files shared from another project (PSEyeDemo.vcxproj).  This can lead to incorrect clean and rebuild behavior.
  stdafx.cpp
  UDP_FullDuplexS9.cpp
c:\users\eddie\dropbox\documents\senior design 2\visual studio\udp_fullduplexs9\udp_fullduplexs9\pseyedemo.h(4): fatal error C1083: Cannot open include file: 'cv.h': No such file or directory
  Tiva.cpp
c:\program files (x86)\microsoft visual studio 14.0\vc\include\tuple(75): warning C4244: 'initializing': conversion from 'double' to 'int', possible loss of data
  c:\program files (x86)\microsoft visual studio 14.0\vc\include\tuple(257): note: see reference to function template instantiation 'std::_Tuple_val<_This>::_Tuple_val<_Ty>(_Other &&)' being compiled
          with
          [
              _This=int,
              _Ty=double,
              _Other=double
          ]
  c:\program files (x86)\microsoft visual studio 14.0\vc\include\tuple(255): note: see reference to function template instantiation 'std::_Tuple_val<_This>::_Tuple_val<_Ty>(_Other &&)' being compiled
          with
          [
              _This=int,
              _Ty=double,
              _Other=double
          ]
  c:\users\eddie\dropbox\documents\senior design 2\visual studio\udp_fullduplexs9\udp_fullduplexs9\tiva.h(13): note: see reference to function template instantiation 'std::tuple<int,int>::tuple<double,double,std::_Tuple_enable<std::tuple<>,std::tuple<>>::type>(std::tuple<double,double> &&)' being compiled
  c:\users\eddie\dropbox\documents\senior design 2\visual studio\udp_fullduplexs9\udp_fullduplexs9\tiva.h(13): note: see reference to function template instantiation 'std::tuple<int,int>::tuple<double,double,std::_Tuple_enable<std::tuple<>,std::tuple<>>::type>(std::tuple<double,double> &&)' being compiled
  Generating Code...
