c:\users\eddie\dropbox\documents\senior design 2\visual studio\udp_fullduplexs9\udp_fullduplexs9\debug\udp_fullduplexs9.pch
c:\users\eddie\dropbox\documents\senior design 2\visual studio\udp_fullduplexs9\udp_fullduplexs9\debug\vc140.pdb
c:\users\eddie\dropbox\documents\senior design 2\visual studio\udp_fullduplexs9\udp_fullduplexs9\debug\vc140.idb
c:\users\eddie\dropbox\documents\senior design 2\visual studio\udp_fullduplexs9\udp_fullduplexs9\debug\stdafx.obj
c:\users\eddie\dropbox\documents\senior design 2\visual studio\udp_fullduplexs9\udp_fullduplexs9\debug\udp_fullduplexs9.obj
c:\users\eddie\dropbox\documents\senior design 2\visual studio\udp_fullduplexs9\udp_fullduplexs9\debug\tiva.obj
c:\users\eddie\dropbox\documents\senior design 2\visual studio\udp_fullduplexs9\debug\udp_fullduplexs9.ilk
c:\users\eddie\dropbox\documents\senior design 2\visual studio\udp_fullduplexs9\debug\udp_fullduplexs9.exe
c:\users\eddie\dropbox\documents\senior design 2\visual studio\udp_fullduplexs9\debug\udp_fullduplexs9.pdb
c:\users\eddie\dropbox\documents\senior design 2\visual studio\udp_fullduplexs9\udp_fullduplexs9\debug\cameracontrol.obj
c:\users\eddie\dropbox\documents\senior design 2\visual studio\udp_fullduplexs9\udp_fullduplexs9\debug\homography.obj
c:\users\eddie\dropbox\documents\senior design 2\visual studio\udp_fullduplexs9\udp_fullduplexs9\debug\image_proc.obj
c:\users\eddie\dropbox\documents\senior design 2\visual studio\udp_fullduplexs9\udp_fullduplexs9\debug\pseyedemo.obj
c:\users\eddie\dropbox\documents\senior design 2\visual studio\udp_fullduplexs9\udp_fullduplexs9\debug\pseyedemo.res
c:\users\eddie\dropbox\documents\senior design 2\visual studio\udp_fullduplexs9\udp_fullduplexs9\debug\pseyedemo.pch
c:\users\eddie\dropbox\documents\senior design 2\visual studio\udp_fullduplexs9\udp_fullduplexs9\debug\udp_fullduplexs9.tlog\cl.command.1.tlog
c:\users\eddie\dropbox\documents\senior design 2\visual studio\udp_fullduplexs9\udp_fullduplexs9\debug\udp_fullduplexs9.tlog\cl.read.1.tlog
c:\users\eddie\dropbox\documents\senior design 2\visual studio\udp_fullduplexs9\udp_fullduplexs9\debug\udp_fullduplexs9.tlog\cl.write.1.tlog
c:\users\eddie\dropbox\documents\senior design 2\visual studio\udp_fullduplexs9\udp_fullduplexs9\debug\udp_fullduplexs9.tlog\link.command.1.tlog
c:\users\eddie\dropbox\documents\senior design 2\visual studio\udp_fullduplexs9\udp_fullduplexs9\debug\udp_fullduplexs9.tlog\link.read.1.tlog
c:\users\eddie\dropbox\documents\senior design 2\visual studio\udp_fullduplexs9\udp_fullduplexs9\debug\udp_fullduplexs9.tlog\link.write.1.tlog
