c:\users\eddie\dropbox\documents\senior design 2\visual studio\ah-clark-dylan\vision\pseyedemo\debug\pseyedemo.pch
c:\users\eddie\dropbox\documents\senior design 2\visual studio\ah-clark-dylan\vision\pseyedemo\debug\vc140.pdb
c:\users\eddie\dropbox\documents\senior design 2\visual studio\ah-clark-dylan\vision\pseyedemo\debug\vc140.idb
c:\users\eddie\dropbox\documents\senior design 2\visual studio\ah-clark-dylan\vision\pseyedemo\debug\stdafx.obj
c:\users\eddie\dropbox\documents\senior design 2\visual studio\ah-clark-dylan\vision\pseyedemo\debug\homography.obj
c:\users\eddie\dropbox\documents\senior design 2\visual studio\ah-clark-dylan\vision\pseyedemo\debug\image_proc.obj
c:\users\eddie\dropbox\documents\senior design 2\visual studio\ah-clark-dylan\vision\pseyedemo\debug\tiva.obj
c:\users\eddie\dropbox\documents\senior design 2\visual studio\ah-clark-dylan\vision\pseyedemo\debug\pseyedemo.obj
c:\users\eddie\dropbox\documents\senior design 2\visual studio\ah-clark-dylan\vision\pseyedemo\debug\cameracontrol.obj
c:\users\eddie\dropbox\documents\senior design 2\visual studio\ah-clark-dylan\vision\pseyedemo\debug\udp_fullduplexs9.obj
c:\users\eddie\dropbox\documents\senior design 2\visual studio\ah-clark-dylan\vision\debug\pseyedemo.ilk
c:\users\eddie\dropbox\documents\senior design 2\visual studio\ah-clark-dylan\vision\debug\pseyedemo.exe
c:\users\eddie\dropbox\documents\senior design 2\visual studio\ah-clark-dylan\vision\debug\pseyedemo.pdb
c:\users\eddie\dropbox\documents\senior design 2\visual studio\ah-clark-dylan\vision\pseyedemo\debug\pseyedemo.res
c:\users\eddie\dropbox\documents\senior design 2\visual studio\ah-clark-dylan\vision\pseyedemo\debug\pseyedemo.tlog\cl.command.1.tlog
c:\users\eddie\dropbox\documents\senior design 2\visual studio\ah-clark-dylan\vision\pseyedemo\debug\pseyedemo.tlog\cl.read.1.tlog
c:\users\eddie\dropbox\documents\senior design 2\visual studio\ah-clark-dylan\vision\pseyedemo\debug\pseyedemo.tlog\cl.write.1.tlog
c:\users\eddie\dropbox\documents\senior design 2\visual studio\ah-clark-dylan\vision\pseyedemo\debug\pseyedemo.tlog\link.command.1.tlog
c:\users\eddie\dropbox\documents\senior design 2\visual studio\ah-clark-dylan\vision\pseyedemo\debug\pseyedemo.tlog\link.read.1.tlog
c:\users\eddie\dropbox\documents\senior design 2\visual studio\ah-clark-dylan\vision\pseyedemo\debug\pseyedemo.tlog\link.write.1.tlog
c:\users\eddie\dropbox\documents\senior design 2\visual studio\ah-clark-dylan\vision\pseyedemo\debug\pseyedemo.tlog\rc.command.1.tlog
c:\users\eddie\dropbox\documents\senior design 2\visual studio\ah-clark-dylan\vision\pseyedemo\debug\pseyedemo.tlog\rc.read.1.tlog
c:\users\eddie\dropbox\documents\senior design 2\visual studio\ah-clark-dylan\vision\pseyedemo\debug\pseyedemo.tlog\rc.write.1.tlog
