  PSEyeDemo.cpp
c:\opencv\build\include\opencv2\flann\logger.h(66): warning C4996: 'fopen': This function or variable may be unsafe. Consider using fopen_s instead. To disable deprecation, use _CRT_SECURE_NO_WARNINGS. See online help for details.
  c:\program files (x86)\windows kits\10\include\10.0.17134.0\ucrt\stdio.h(208): note: see declaration of 'fopen'
c:\users\dylan\desktop\seniordesign_software\edsversion\ah-clark-dylan-basic_tracking\vision\pseyedemo\pseyedemo.cpp(129): warning C4244: 'argument': conversion from 'double' to '_Tp', possible loss of data
          with
          [
              _Tp=float
          ]
c:\users\dylan\desktop\seniordesign_software\edsversion\ah-clark-dylan-basic_tracking\vision\pseyedemo\pseyedemo.cpp(130): warning C4244: 'argument': conversion from 'double' to '_Tp', possible loss of data
          with
          [
              _Tp=float
          ]
c:\users\dylan\desktop\seniordesign_software\edsversion\ah-clark-dylan-basic_tracking\vision\pseyedemo\pseyedemo.cpp(131): warning C4244: 'argument': conversion from 'double' to '_Tp', possible loss of data
          with
          [
              _Tp=float
          ]
c:\users\dylan\desktop\seniordesign_software\edsversion\ah-clark-dylan-basic_tracking\vision\pseyedemo\pseyedemo.cpp(289): warning C4244: 'argument': conversion from 'double' to '_Tp', possible loss of data
          with
          [
              _Tp=int
          ]
c:\users\dylan\desktop\seniordesign_software\edsversion\ah-clark-dylan-basic_tracking\vision\pseyedemo\pseyedemo.cpp(329): warning C4244: 'argument': conversion from 'double' to 'float', possible loss of data
c:\users\dylan\desktop\seniordesign_software\edsversion\ah-clark-dylan-basic_tracking\vision\pseyedemo\pseyedemo.cpp(333): warning C4244: 'argument': conversion from 'double' to 'float', possible loss of data
c:\users\dylan\desktop\seniordesign_software\edsversion\ah-clark-dylan-basic_tracking\vision\pseyedemo\pseyedemo.cpp(262): warning C4101: 'dM10': unreferenced local variable
c:\users\dylan\desktop\seniordesign_software\edsversion\ah-clark-dylan-basic_tracking\vision\pseyedemo\pseyedemo.cpp(263): warning C4101: 'dArea': unreferenced local variable
c:\users\dylan\desktop\seniordesign_software\edsversion\ah-clark-dylan-basic_tracking\vision\pseyedemo\pseyedemo.cpp(261): warning C4101: 'dM01': unreferenced local variable
  PSEyeDemo.vcxproj -> C:\Users\Dylan\Desktop\seniordesign_software\EdsVersion\ah-clark-dylan-BASIC_TRACKING\vision\Debug\PSEyeDemo.exe
